<?xml version="1.0" encoding="utf-8"?><testsuites name="pytest tests"><testsuite name="pytest" errors="0" failures="0" skipped="0" tests="16" time="5.407" timestamp="2026-04-13T16:22:32.300155+00:00" hostname="agent-env-6fbf789d-0cb1-4f29-8acf-a404d7ebea4b"><testcase classname="backend.tests.test_iteration8.TestAuth" name="test_login_super_admin" time="0.474" /><testcase classname="backend.tests.test_iteration8.TestTenantModules" name="test_get_tenant_modules" time="0.398" /><testcase classname="backend.tests.test_iteration8.TestTenantModules" name="test_update_tenant_modules" time="0.162" /><testcase classname="backend.tests.test_iteration8.TestSuperAdminTenants" name="test_list_tenants" time="0.519" /><testcase classname="backend.tests.test_iteration8.TestSuperAdminTenants" name="test_create_tenant" time="0.312" /><testcase classname="backend.tests.test_iteration8.TestSuperAdminTenants" name="test_update_tenant" time="0.370" /><testcase classname="backend.tests.test_iteration8.TestCRMDealsDeduplication" name="test_crm_deal_update_not_duplicate" time="0.488" /><testcase classname="backend.tests.test_iteration8.TestChatwootWebhook" name="test_chatwoot_lead_webhook" time="0.616" /><testcase classname="backend.tests.test_iteration8.TestLeadsStats" name="test_leads_stats" time="0.421" /><testcase classname="backend.tests.test_iteration8.TestAnalyticsDateFilters" name="test_analytics_period_filter" time="0.455" /><testcase classname="backend.tests.test_iteration8.TestAnalyticsDateFilters" name="test_analytics_week_filter" time="0.052" /><testcase classname="backend.tests.test_iteration8.TestAnalyticsDateFilters" name="test_analytics_quarter_filter" time="0.053" /><testcase classname="backend.tests.test_iteration8.TestCRMStatsDateFilters" name="test_crm_stats_period_filter" time="0.469" /><testcase classname="backend.tests.test_iteration8.TestCRMStatsDateFilters" name="test_crm_stats_perdidas_metric" time="0.050" /><testcase classname="backend.tests.test_iteration8.TestCRMStatsDateFilters" name="test_crm_stats_all_stages" time="0.059" /><testcase classname="backend.tests.test_iteration8.TestNonSuperAdminAccess" name="test_operator_cannot_access_admin_tenants" time="0.406" /></testsuite></testsuites>