<?xml version="1.0" encoding="utf-8"?><testsuites name="pytest tests"><testsuite name="pytest" errors="0" failures="0" skipped="0" tests="16" time="16.114" timestamp="2026-04-12T16:07:43.340522+00:00" hostname="agent-env-6fbf789d-0cb1-4f29-8acf-a404d7ebea4b"><testcase classname="backend.tests.test_iteration3.TestAuth" name="test_login_success" time="0.433" /><testcase classname="backend.tests.test_iteration3.TestFlowBot" name="test_flowbot_initial_analysis" time="4.191" /><testcase classname="backend.tests.test_iteration3.TestFlowBot" name="test_flowbot_followup_question" time="1.761" /><testcase classname="backend.tests.test_iteration3.TestFlowBot" name="test_flowbot_question_about_deals" time="1.488" /><testcase classname="backend.tests.test_iteration3.TestFlowBot" name="test_flowbot_question_about_contacts" time="4.794" /><testcase classname="backend.tests.test_iteration3.TestExcelExport" name="test_export_leads_with_auth" time="0.777" /><testcase classname="backend.tests.test_iteration3.TestExcelExport" name="test_export_crm_contacts_with_auth" time="0.125" /><testcase classname="backend.tests.test_iteration3.TestExcelExport" name="test_export_leads_without_auth" time="0.104" /><testcase classname="backend.tests.test_iteration3.TestExcelExport" name="test_export_crm_without_auth" time="0.110" /><testcase classname="backend.tests.test_iteration3.TestDashboard" name="test_dashboard_stats" time="0.485" /><testcase classname="backend.tests.test_iteration3.TestCRMEndpoints" name="test_crm_contacts_list" time="0.468" /><testcase classname="backend.tests.test_iteration3.TestCRMEndpoints" name="test_crm_deals_list" time="0.153" /><testcase classname="backend.tests.test_iteration3.TestCRMEndpoints" name="test_crm_stats" time="0.119" /><testcase classname="backend.tests.test_iteration3.TestLeadsEndpoints" name="test_leads_list" time="0.448" /><testcase classname="backend.tests.test_iteration3.TestLeadsEndpoints" name="test_leads_search" time="0.136" /><testcase classname="backend.tests.test_iteration3.TestCampaigns" name="test_campaigns_list" time="0.434" /></testsuite></testsuites>