<?xml version="1.0" encoding="utf-8"?><testsuites name="pytest tests"><testsuite name="pytest" errors="0" failures="0" skipped="0" tests="10" time="4.011" timestamp="2026-04-22T13:20:10.718063+00:00" hostname="agent-env-6fbf789d-0cb1-4f29-8acf-a404d7ebea4b"><testcase classname="backend.tests.test_iteration10.TestForgotResetPassword" name="test_forgot_password_valid_email" time="0.260" /><testcase classname="backend.tests.test_iteration10.TestForgotResetPassword" name="test_forgot_password_invalid_email_returns_200" time="0.058" /><testcase classname="backend.tests.test_iteration10.TestForgotResetPassword" name="test_reset_password_invalid_token" time="0.049" /><testcase classname="backend.tests.test_iteration10.TestForgotResetPassword" name="test_reset_password_valid_token_updates_password" time="1.471" /><testcase classname="backend.tests.test_iteration10.TestTrialRegistration" name="test_register_creates_trial_tenant_with_correct_modules" time="0.726" /><testcase classname="backend.tests.test_iteration10.TestResetDemoData" name="test_reset_demo_data_requires_super_admin" time="0.377" /><testcase classname="backend.tests.test_iteration10.TestResetDemoData" name="test_reset_demo_data_as_super_admin" time="0.325" /><testcase classname="backend.tests.test_iteration10.TestCrmDealsBulkAction" name="test_bulk_action_move_updates_stages" time="0.326" /><testcase classname="backend.tests.test_iteration10.TestCrmDealsBulkAction" name="test_bulk_action_delete_removes_deals" time="0.280" /><testcase classname="backend.tests.test_iteration10.TestCrmDealsBulkAction" name="test_bulk_action_invalid_action" time="0.052" /></testsuite></testsuites>