<?xml version="1.0" encoding="utf-8"?><testsuites name="pytest tests"><testsuite name="pytest" errors="0" failures="0" skipped="0" tests="13" time="4.516" timestamp="2026-04-12T18:24:10.279524+00:00" hostname="agent-env-6fbf789d-0cb1-4f29-8acf-a404d7ebea4b"><testcase classname="backend.tests.test_iteration4.TestAuth" name="test_login_success" time="0.466" /><testcase classname="backend.tests.test_iteration4.TestDashboardDateFilters" name="test_dashboard_stats_no_filter" time="0.490" /><testcase classname="backend.tests.test_iteration4.TestDashboardDateFilters" name="test_dashboard_stats_with_date_filter" time="0.118" /><testcase classname="backend.tests.test_iteration4.TestDashboardDateFilters" name="test_dashboard_stats_today_filter" time="0.107" /><testcase classname="backend.tests.test_iteration4.TestABTesting" name="test_create_ab_test" time="0.752" /><testcase classname="backend.tests.test_iteration4.TestABTesting" name="test_list_ab_tests" time="0.114" /><testcase classname="backend.tests.test_iteration4.TestABTesting" name="test_simulate_ab_test" time="0.108" /><testcase classname="backend.tests.test_iteration4.TestPWAManifest" name="test_manifest_accessible" time="0.184" /><testcase classname="backend.tests.test_iteration4.TestExcelExport" name="test_export_leads_with_auth" time="0.746" /><testcase classname="backend.tests.test_iteration4.TestExcelExport" name="test_export_leads_without_auth" time="0.109" /><testcase classname="backend.tests.test_iteration4.TestExcelExport" name="test_export_crm_contacts_with_auth" time="0.118" /><testcase classname="backend.tests.test_iteration4.TestTemplates" name="test_list_templates" time="0.450" /><testcase classname="backend.tests.test_iteration4.TestCleanup" name="test_cleanup_test_templates" time="0.670" /></testsuite></testsuites>