<?xml version="1.0" encoding="utf-8"?><testsuites name="pytest tests"><testsuite name="pytest" errors="0" failures="0" skipped="0" tests="13" time="5.241" timestamp="2026-04-12T19:10:55.893795+00:00" hostname="agent-env-6fbf789d-0cb1-4f29-8acf-a404d7ebea4b"><testcase classname="backend.tests.test_iteration7.TestAuth" name="test_login_success" time="0.366" /><testcase classname="backend.tests.test_iteration7.TestAnalyticsTimeSeries" name="test_time_series_week" time="0.469" /><testcase classname="backend.tests.test_iteration7.TestAnalyticsTimeSeries" name="test_time_series_month" time="0.119" /><testcase classname="backend.tests.test_iteration7.TestAnalyticsTimeSeries" name="test_time_series_quarter" time="0.121" /><testcase classname="backend.tests.test_iteration7.TestAnalyticsTimeSeries" name="test_time_series_year" time="0.162" /><testcase classname="backend.tests.test_iteration7.TestAnalyticsTimeSeries" name="test_time_series_top_categories_structure" time="0.112" /><testcase classname="backend.tests.test_iteration7.TestAnalyticsTimeSeries" name="test_time_series_quality_distribution_structure" time="0.461" /><testcase classname="backend.tests.test_iteration7.TestScoringConfig" name="test_get_scoring_config" time="0.467" /><testcase classname="backend.tests.test_iteration7.TestScoringConfig" name="test_put_scoring_config" time="0.432" /><testcase classname="backend.tests.test_iteration7.TestAutoListOnJobStart" name="test_auto_list_created_on_job_start" time="2.441" /><testcase classname="backend.tests.test_iteration7.TestDockerDeploymentFiles" name="test_backend_dockerfile_exists" time="0.000" /><testcase classname="backend.tests.test_iteration7.TestDockerDeploymentFiles" name="test_frontend_dockerfile_exists" time="0.000" /><testcase classname="backend.tests.test_iteration7.TestDockerDeploymentFiles" name="test_docker_compose_exists" time="0.000" /></testsuite></testsuites>