<?xml version="1.0" encoding="utf-8"?><testsuites name="pytest tests"><testsuite name="pytest" errors="0" failures="0" skipped="0" tests="9" time="4.656" timestamp="2026-04-13T18:47:59.673789+00:00" hostname="agent-env-6fbf789d-0cb1-4f29-8acf-a404d7ebea4b"><testcase classname="backend.tests.test_iteration9.TestIteration9" name="test_create_manual_lead_success" time="0.486" /><testcase classname="backend.tests.test_iteration9.TestIteration9" name="test_create_lead_requires_business_name" time="0.583" /><testcase classname="backend.tests.test_iteration9.TestIteration9" name="test_create_lead_requires_business_name_whitespace" time="0.382" /><testcase classname="backend.tests.test_iteration9.TestIteration9" name="test_create_lead_no_business_name_field" time="0.451" /><testcase classname="backend.tests.test_iteration9.TestIteration9" name="test_queued_for_sequence_creates_email_list" time="0.524" /><testcase classname="backend.tests.test_iteration9.TestIteration9" name="test_queued_for_sequence_adds_to_existing_list" time="0.932" /><testcase classname="backend.tests.test_iteration9.TestIteration9" name="test_admin_tenants_endpoint_still_works" time="0.402" /><testcase classname="backend.tests.test_iteration9.TestIteration9" name="test_leads_list_endpoint_works" time="0.392" /><testcase classname="backend.tests.test_iteration9.TestIteration9" name="test_leads_stats_endpoint_works" time="0.423" /></testsuite></testsuites>