<?xml version="1.0" encoding="utf-8"?><testsuites name="pytest tests"><testsuite name="pytest" errors="0" failures="0" skipped="0" tests="23" time="7.957" timestamp="2026-04-12T15:50:04.769634+00:00" hostname="agent-env-6fbf789d-0cb1-4f29-8acf-a404d7ebea4b"><testcase classname="backend.tests.test_spectra_flow_v2.TestAuth" name="test_login_success" time="0.448" /><testcase classname="backend.tests.test_spectra_flow_v2.TestAuth" name="test_login_invalid_credentials" time="0.397" /><testcase classname="backend.tests.test_spectra_flow_v2.TestAuth" name="test_get_me" time="0.633" /><testcase classname="backend.tests.test_spectra_flow_v2.TestSettings" name="test_get_settings" time="0.459" /><testcase classname="backend.tests.test_spectra_flow_v2.TestSettings" name="test_update_company_fields" time="0.124" /><testcase classname="backend.tests.test_spectra_flow_v2.TestSettings" name="test_get_integrations" time="0.101" /><testcase classname="backend.tests.test_spectra_flow_v2.TestLeads" name="test_list_leads" time="0.481" /><testcase classname="backend.tests.test_spectra_flow_v2.TestLeads" name="test_lead_has_quality_fields" time="0.117" /><testcase classname="backend.tests.test_spectra_flow_v2.TestLeads" name="test_lead_status_update" time="0.228" /><testcase classname="backend.tests.test_spectra_flow_v2.TestLeads" name="test_get_lead_detail" time="0.310" /><testcase classname="backend.tests.test_spectra_flow_v2.TestDomains" name="test_list_domains" time="0.449" /><testcase classname="backend.tests.test_spectra_flow_v2.TestDomains" name="test_sync_resend_domains" time="0.576" /><testcase classname="backend.tests.test_spectra_flow_v2.TestDomains" name="test_get_resend_status" time="0.397" /><testcase classname="backend.tests.test_spectra_flow_v2.TestEmailSend" name="test_email_send_endpoint_exists" time="0.458" /><testcase classname="backend.tests.test_spectra_flow_v2.TestEmailSend" name="test_email_send_with_valid_data" time="0.303" /><testcase classname="backend.tests.test_spectra_flow_v2.TestEmailMarketing" name="test_list_automations" time="0.425" /><testcase classname="backend.tests.test_spectra_flow_v2.TestEmailMarketing" name="test_create_automation" time="0.111" /><testcase classname="backend.tests.test_spectra_flow_v2.TestEmailMarketing" name="test_update_automation_steps" time="0.322" /><testcase classname="backend.tests.test_spectra_flow_v2.TestEmailMarketing" name="test_delete_automation" time="0.310" /><testcase classname="backend.tests.test_spectra_flow_v2.TestEmailMarketing" name="test_list_email_campaigns" time="0.115" /><testcase classname="backend.tests.test_spectra_flow_v2.TestEmailMarketing" name="test_email_marketing_stats" time="0.102" /><testcase classname="backend.tests.test_spectra_flow_v2.TestFlowBot" name="test_flow_bot_endpoint" time="0.434" /><testcase classname="backend.tests.test_spectra_flow_v2.TestCleanup" name="test_cleanup_test_automations" time="0.569" /></testsuite></testsuites>