<?xml version="1.0" encoding="utf-8"?><testsuites name="pytest tests"><testsuite name="pytest" errors="0" failures="0" skipped="0" tests="14" time="16.056" timestamp="2026-04-12T18:55:40.950014+00:00" hostname="agent-env-6fbf789d-0cb1-4f29-8acf-a404d7ebea4b"><testcase classname="backend.tests.test_iteration6.TestAuth" name="test_login_admin" time="0.417" /><testcase classname="backend.tests.test_iteration6.TestEmailMarketingAutoList" name="test_auto_list_from_leads" time="0.440" /><testcase classname="backend.tests.test_iteration6.TestEmailMarketingAutoList" name="test_list_email_lists" time="0.054" /><testcase classname="backend.tests.test_iteration6.TestEmailMarketingCRUD" name="test_create_and_delete_list" time="0.502" /><testcase classname="backend.tests.test_iteration6.TestEmailMarketingCRUD" name="test_create_and_delete_campaign" time="0.155" /><testcase classname="backend.tests.test_iteration6.TestSendRealCampaign" name="test_send_real_requires_list" time="0.484" /><testcase classname="backend.tests.test_iteration6.TestSendRealCampaign" name="test_send_real_with_list" time="9.762" /><testcase classname="backend.tests.test_iteration6.TestDifyScoreLead" name="test_dify_score_lead_with_business_data" time="1.965" /><testcase classname="backend.tests.test_iteration6.TestDifyScoreLead" name="test_dify_score_requires_data" time="0.049" /><testcase classname="backend.tests.test_iteration6.TestChatwootWebhook" name="test_chatwoot_creates_contact_with_bot_tag" time="0.151" /><testcase classname="backend.tests.test_iteration6.TestChatwootWebhook" name="test_chatwoot_upserts_existing_contact" time="0.287" /><testcase classname="backend.tests.test_iteration6.TestEmailMarketingUI" name="test_campaign_with_list_has_send_real_option" time="0.575" /><testcase classname="backend.tests.test_iteration6.TestEmailMarketingUI" name="test_email_marketing_stats" time="0.056" /><testcase classname="backend.tests.test_iteration6.TestAddLeadsToList" name="test_add_leads_to_list" time="1.064" /></testsuite></testsuites>