<?xml version="1.0" encoding="utf-8"?><testsuites name="pytest tests"><testsuite name="pytest" errors="0" failures="0" skipped="0" tests="16" time="8.397" timestamp="2026-04-12T18:43:52.994331+00:00" hostname="agent-env-6fbf789d-0cb1-4f29-8acf-a404d7ebea4b"><testcase classname="backend.tests.test_iteration5.TestAuth" name="test_login_success" time="0.461" /><testcase classname="backend.tests.test_iteration5.TestCrmAutoDealCreation" name="test_create_contact_and_change_stage_creates_deal" time="1.025" /><testcase classname="backend.tests.test_iteration5.TestCrmAutoDealCreation" name="test_bulk_contact_move_creates_deals" time="0.824" /><testcase classname="backend.tests.test_iteration5.TestChatwootWebhook" name="test_chatwoot_webhook_creates_contact_with_bot_tag" time="0.104" /><testcase classname="backend.tests.test_iteration5.TestChatwootWebhook" name="test_chatwoot_webhook_upserts_existing_contact" time="0.341" /><testcase classname="backend.tests.test_iteration5.TestEmailMarketingCRUD" name="test_create_email_list" time="0.496" /><testcase classname="backend.tests.test_iteration5.TestEmailMarketingCRUD" name="test_update_email_list" time="0.345" /><testcase classname="backend.tests.test_iteration5.TestEmailMarketingCRUD" name="test_delete_email_list" time="0.318" /><testcase classname="backend.tests.test_iteration5.TestEmailMarketingCRUD" name="test_create_email_campaign" time="0.108" /><testcase classname="backend.tests.test_iteration5.TestEmailMarketingCRUD" name="test_update_email_campaign" time="0.355" /><testcase classname="backend.tests.test_iteration5.TestEmailMarketingCRUD" name="test_delete_email_campaign" time="0.222" /><testcase classname="backend.tests.test_iteration5.TestAutoListFromLeads" name="test_auto_list_from_leads" time="0.588" /><testcase classname="backend.tests.test_iteration5.TestAddLeadsToList" name="test_add_leads_to_list" time="0.664" /><testcase classname="backend.tests.test_iteration5.TestScoringConfig" name="test_get_scoring_config_returns_defaults" time="0.458" /><testcase classname="backend.tests.test_iteration5.TestScoringConfig" name="test_update_scoring_config" time="0.106" /><testcase classname="backend.tests.test_iteration5.TestDashboardStats" name="test_dashboard_stats" time="1.884" /></testsuite></testsuites>